<?xml version="1.0" encoding="UTF-8"?>
<testng-results ignored="0" total="1" passed="1" failed="0" skipped="0">
  <reporter-output>
  </reporter-output>
  <suite started-at="2024-02-02T12:38:05 IST" name="Default suite" finished-at="2024-02-02T12:38:22 IST" duration-ms="16934">
    <groups>
    </groups>
    <test started-at="2024-02-02T12:38:05 IST" name="Default test" finished-at="2024-02-02T12:38:22 IST" duration-ms="16934">
      <class name="testScripts.AddCourseTest">
        <test-method is-config="true" signature="classSetup()[pri:0, instance:testScripts.AddCourseTest@7c7b252e]" started-at="2024-02-02T12:38:05 IST" name="classSetup" finished-at="2024-02-02T12:38:06 IST" duration-ms="1135" status="PASS">
          <reporter-output>
          </reporter-output>
        </test-method> <!-- classSetup -->
        <test-method is-config="true" signature="methodSetup()[pri:0, instance:testScripts.AddCourseTest@7c7b252e]" started-at="2024-02-02T12:38:06 IST" name="methodSetup" finished-at="2024-02-02T12:38:12 IST" duration-ms="5818" status="PASS">
          <reporter-output>
          </reporter-output>
        </test-method> <!-- methodSetup -->
        <test-method signature="addCourseTest()[pri:0, instance:testScripts.AddCourseTest@7c7b252e]" started-at="2024-02-02T12:38:12 IST" name="addCourseTest" finished-at="2024-02-02T12:38:19 IST" duration-ms="6822" status="PASS">
          <reporter-output>
          </reporter-output>
        </test-method> <!-- addCourseTest -->
        <test-method is-config="true" signature="methodTearDown()[pri:0, instance:testScripts.AddCourseTest@7c7b252e]" started-at="2024-02-02T12:38:19 IST" name="methodTearDown" finished-at="2024-02-02T12:38:21 IST" duration-ms="2862" status="PASS">
          <reporter-output>
          </reporter-output>
        </test-method> <!-- methodTearDown -->
        <test-method is-config="true" signature="classTearDown()[pri:0, instance:testScripts.AddCourseTest@7c7b252e]" started-at="2024-02-02T12:38:21 IST" name="classTearDown" finished-at="2024-02-02T12:38:22 IST" duration-ms="256" status="PASS">
          <reporter-output>
          </reporter-output>
        </test-method> <!-- classTearDown -->
      </class> <!-- testScripts.AddCourseTest -->
    </test> <!-- Default test -->
  </suite> <!-- Default suite -->
</testng-results>
